Arguments: 
  C:\Program Files\nodejs\node.exe C:\Users\HOME\AppData\Roaming\npm\node_modules\yarn\bin\yarn.js add bcryptjs express dotenv express-async-handler jsonwebtoken

PATH: 
  C:\Program Files (x86)\Common Files\Oracle\Java\javapath;C:\Windows\system32;C:\Windows;C:\Windows\System32\Wbem;C:\Windows\System32\WindowsPowerShell\v1.0\;C:\Windows\System32\OpenSSH\;C:\Program Files (x86)\NVIDIA Corporation\PhysX\Common;C:\WINDOWS\system32;C:\WINDOWS;C:\WINDOWS\System32\Wbem;C:\WINDOWS\System32\WindowsPowerShell\v1.0\;C:\WINDOWS\System32\OpenSSH\;C:\Program Files\Microsoft SQL Server\130\Tools\Binn\;C:\Program Files\Microsoft SQL Server\Client SDK\ODBC\170\Tools\Binn\;C:\Program Files (x86)\Microsoft SQL Server\150\DTS\Binn\;C:\Program Files\Azure Data Studio\bin;C:\Program Files (x86)\Microsoft SQL Server\150\Tools\Binn\;C:\Program Files\Microsoft SQL Server\150\Tools\Binn\;C:\Program Files\Microsoft SQL Server\150\DTS\Binn\;C:\Program Files\Git\cmd;C:\Program Files\NVIDIA Corporation\NVIDIA NvDLISR;C:\WINDOWS\system32;C:\WINDOWS;C:\WINDOWS\System32\Wbem;C:\WINDOWS\System32\WindowsPowerShell\v1.0\;C:\WINDOWS\System32\OpenSSH\;C:\Program Files\nodejs\;C:\Program Files\dotnet\;C:\Gradle\gradle-8.0.2\bin;C:\Program Files\Common Files\Oracle\Java\javapath;C:\Users\HOME\AppData\Local\Android\Sdk;C:\Users\HOME\AppData\Local\Android\Sdk\platform-tools;C:\Users\HOME\AppData\Local\Android\Sdk\cmdline-tools\latest\bin;C:\Users\HOME\AppData\Local\Android\Sdk\tools\emulator;D:\Programs\Android Studio\jre;C:\Program Files\Java\jdk-11;C:\Users\HOME\python\anaconda3;C:\Users\HOME\python\anaconda3\Library\mingw-w64\bin;C:\Users\HOME\python\anaconda3\Library\usr\bin;C:\Users\HOME\python\anaconda3\Library\bin;C:\Users\HOME\python\anaconda3\Scripts;C:\Users\HOME\AppData\Local\Microsoft\WindowsApps;C:\Users\HOME\AppData\Local\Programs\Microsoft VS Code\bin;C:\Users\HOME\.dotnet\tools;C:\Program Files\JetBrains\PyCharm Community Edition 2020.3.3\bin;;C:\Program Files\Azure Data Studio\bin;C:\msys64\mingw64\bin;C:\Users\HOME\AppData\Roaming\npm;C:\Users\HOME\AppData\Local\GitHubDesktop\bin

Yarn version: 
  1.22.19

Node version: 
  18.13.0

Platform: 
  win32 x64

Trace: 
  Error: connect ECONNABORTED 2606:4700::6810:1323:443
      at TCPConnectWrap.afterConnect [as oncomplete] (node:net:1487:16)

npm manifest: 
  {
    "name": "web.jbs-trading",
    "version": "1.0.0",
    "description": "Jally Compnay Auto Trading",
    "main": "index.js",
    "scripts": {
      "test": "echo \"Error: no test specified\" && exit 1"
    },
    "author": "syntaxfullstack",
    "license": "ISC"
  }

yarn manifest: 
  No manifest

Lockfile: 
  No lockfile
